<?xml version="1.0" encoding="UTF-8"?>
<!-- Generated by org.testng.reporters.JUnitXMLReporter -->
<testsuite hostname="Nafanya" name="Command line test" tests="5" failures="2" timestamp="31 May 2016 18:30:55 GMT" time="158.059" errors="0">
  <testcase name="TechTabTest" time="32.787" classname="com.mycompany.onlinertest.test.Tests"/>
  <testcase name="loginTest" time="2.622" classname="com.mycompany.onlinertest.test.Tests">
    <failure type="org.openqa.selenium.ElementNotVisibleException" message=" wrong data
Build info: version: &amp;apos;2.53.0&amp;apos;, revision: &amp;apos;35ae25b1534ae328c771e0856c93e187490ca824&amp;apos;, time: &amp;apos;2016-03-15 10:43:46&amp;apos;
System info: host: &amp;apos;Nafanya&amp;apos;, ip: &amp;apos;10.0.80.209&amp;apos;, os.name: &amp;apos;Windows 8.1&amp;apos;, os.arch: &amp;apos;amd64&amp;apos;, os.version: &amp;apos;6.3&amp;apos;, java.version: &amp;apos;1.8.0_65&amp;apos;
Driver info: driver.version: unknown">
      <![CDATA[org.openqa.selenium.ElementNotVisibleException:  wrong data
Build info: version: '2.53.0', revision: '35ae25b1534ae328c771e0856c93e187490ca824', time: '2016-03-15 10:43:46'
System info: host: 'Nafanya', ip: '10.0.80.209', os.name: 'Windows 8.1', os.arch: 'amd64', os.version: '6.3', java.version: '1.8.0_65'
Driver info: driver.version: unknown
	at com.mycompany.onlinertest.test.Tests.loginTest(Tests.java:60)
... Removed 33 stack frames]]>
    </failure>
  </testcase> <!-- loginTest -->
  <testcase name="loginTest" time="6.96" classname="com.mycompany.onlinertest.test.Tests"/>
  <testcase name="loginTest" time="2.137" classname="com.mycompany.onlinertest.test.Tests">
    <failure type="org.openqa.selenium.ElementNotVisibleException" message=" wrong data
Build info: version: &amp;apos;2.53.0&amp;apos;, revision: &amp;apos;35ae25b1534ae328c771e0856c93e187490ca824&amp;apos;, time: &amp;apos;2016-03-15 10:43:46&amp;apos;
System info: host: &amp;apos;Nafanya&amp;apos;, ip: &amp;apos;10.0.80.209&amp;apos;, os.name: &amp;apos;Windows 8.1&amp;apos;, os.arch: &amp;apos;amd64&amp;apos;, os.version: &amp;apos;6.3&amp;apos;, java.version: &amp;apos;1.8.0_65&amp;apos;
Driver info: driver.version: unknown">
      <![CDATA[org.openqa.selenium.ElementNotVisibleException:  wrong data
Build info: version: '2.53.0', revision: '35ae25b1534ae328c771e0856c93e187490ca824', time: '2016-03-15 10:43:46'
System info: host: 'Nafanya', ip: '10.0.80.209', os.name: 'Windows 8.1', os.arch: 'amd64', os.version: '6.3', java.version: '1.8.0_65'
Driver info: driver.version: unknown
	at com.mycompany.onlinertest.test.Tests.loginTest(Tests.java:60)
... Removed 33 stack frames]]>
    </failure>
  </testcase> <!-- loginTest -->
  <testcase name="searchTest" time="26.326" classname="com.mycompany.onlinertest.test.Tests"/>
</testsuite> <!-- Command line test -->
